[14ago.2024 12:16:32.971] [main/INFO] [cpw.mods.modlauncher.Launcher/MODLAUNCHER]: ModLauncher running: args [--launchTarget, forge_userdev_data, --assetIndex, 17, --assetsDir, C:\Users\Vitor\.gradle\caches\forge_gradle\assets, --gameDir, ., --mod, tutorialmod, --all, --output, C:\Users\Vitor\Desktop\Weapons Effect\src\generated\resources, --existing, C:\Users\Vitor\Desktop\Weapons Effect\src\main\resources]
[14ago.2024 12:16:32.973] [main/INFO] [cpw.mods.modlauncher.Launcher/MODLAUNCHER]: JVM identified as Eclipse Adoptium OpenJDK 64-Bit Server VM 21.0.4+7-LTS
[14ago.2024 12:16:32.975] [main/INFO] [cpw.mods.modlauncher.Launcher/MODLAUNCHER]: ModLauncher 10.2.1 starting: java version 21.0.4 by Eclipse Adoptium; OS Windows 10 arch amd64 version 10.0
[14ago.2024 12:16:33.081] [main/INFO] [net.minecraftforge.fml.loading.ImmediateWindowHandler/]: ImmediateWindowProvider not loading because launch target is forge_userdev_data
[14ago.2024 12:16:33.193] [main/INFO] [mixin/]: SpongePowered MIXIN Subsystem Version=0.8.7 Source=jar:file:///C:/Users/Vitor/.gradle/caches/modules-2/files-2.1/org.spongepowered/mixin/0.8.7/8ab114ac385e6dbdad5efafe28aba4df8120915f/mixin-0.8.7.jar!/ Service=ModLauncher Env=UNKNOWN
[14ago.2024 12:16:34.228] [main/INFO] [net.minecraftforge.fml.loading.moddiscovery.JarInJarDependencyLocator/]: No dependencies to load found. Skipping!
[14ago.2024 12:16:34.889] [main/INFO] [cpw.mods.modlauncher.LaunchServiceHandler/MODLAUNCHER]: Launching target 'forge_userdev_data' with arguments [--gameDir, ., --assetsDir, C:\Users\Vitor\.gradle\caches\forge_gradle\assets, --assetIndex, 17, --mod, tutorialmod, --all, --output, C:\Users\Vitor\Desktop\Weapons Effect\src\generated\resources, --existing, C:\Users\Vitor\Desktop\Weapons Effect\src\main\resources]
[14ago.2024 12:16:39.310] [main/FATAL] [net.minecraftforge.fml.ModLoader/CORE]: Failed to initialize mod containers
net.minecraftforge.fml.ModLoadingException: fml.modloading.missingmetadata
	at LAYER PLUGIN/net.minecraftforge.fmlcore@1.21-51.0.33/net.minecraftforge.fml.ModLoader.lambda$buildModContainerFromTOML$27(ModLoader.java:291) ~[fmlcore-1.21-51.0.33.jar:1.0]
	at java.base/java.util.Optional.orElseThrow(Optional.java:403) ~[?:?]
	at LAYER PLUGIN/net.minecraftforge.fmlcore@1.21-51.0.33/net.minecraftforge.fml.ModLoader.buildModContainerFromTOML(ModLoader.java:291) ~[fmlcore-1.21-51.0.33.jar:1.0]
	at LAYER PLUGIN/net.minecraftforge.fmlcore@1.21-51.0.33/net.minecraftforge.fml.ModLoader.lambda$buildMods$24(ModLoader.java:259) ~[fmlcore-1.21-51.0.33.jar:1.0]
	at java.base/java.util.stream.ReferencePipeline$3$1.accept(ReferencePipeline.java:197) ~[?:?]
	at java.base/java.util.HashMap$EntrySpliterator.forEachRemaining(HashMap.java:1858) ~[?:?]
	at java.base/java.util.stream.AbstractPipeline.copyInto(AbstractPipeline.java:509) ~[?:?]
	at java.base/java.util.stream.AbstractPipeline.wrapAndCopyInto(AbstractPipeline.java:499) ~[?:?]
	at java.base/java.util.stream.AbstractPipeline.evaluate(AbstractPipeline.java:575) ~[?:?]
	at java.base/java.util.stream.AbstractPipeline.evaluateToArrayNode(AbstractPipeline.java:260) ~[?:?]
	at java.base/java.util.stream.ReferencePipeline.toArray(ReferencePipeline.java:616) ~[?:?]
	at java.base/java.util.stream.ReferencePipeline.toArray(ReferencePipeline.java:622) ~[?:?]
	at java.base/java.util.stream.ReferencePipeline.toList(ReferencePipeline.java:627) ~[?:?]
	at LAYER PLUGIN/net.minecraftforge.fmlcore@1.21-51.0.33/net.minecraftforge.fml.ModLoader.buildMods(ModLoader.java:261) ~[fmlcore-1.21-51.0.33.jar:1.0]
	at java.base/java.util.stream.ReferencePipeline$3$1.accept(ReferencePipeline.java:197) ~[?:?]
	at java.base/java.util.stream.ReferencePipeline$3$1.accept(ReferencePipeline.java:197) ~[?:?]
	at java.base/java.util.ArrayList$ArrayListSpliterator.forEachRemaining(ArrayList.java:1708) ~[?:?]
	at java.base/java.util.stream.AbstractPipeline.copyInto(AbstractPipeline.java:509) ~[?:?]
	at java.base/java.util.stream.AbstractPipeline.wrapAndCopyInto(AbstractPipeline.java:499) ~[?:?]
	at java.base/java.util.stream.AbstractPipeline.evaluate(AbstractPipeline.java:575) ~[?:?]
	at java.base/java.util.stream.AbstractPipeline.evaluateToArrayNode(AbstractPipeline.java:260) ~[?:?]
	at java.base/java.util.stream.ReferencePipeline.toArray(ReferencePipeline.java:616) ~[?:?]
	at java.base/java.util.stream.ReferencePipeline.toArray(ReferencePipeline.java:622) ~[?:?]
	at java.base/java.util.stream.ReferencePipeline.toList(ReferencePipeline.java:627) ~[?:?]
	at LAYER PLUGIN/net.minecraftforge.fmlcore@1.21-51.0.33/net.minecraftforge.fml.ModLoader.gatherAndInitializeMods(ModLoader.java:173) ~[fmlcore-1.21-51.0.33.jar:1.0]
	at TRANSFORMER/forge@51.0.33/net.minecraftforge.data.loading.DatagenModLoader.begin(DatagenModLoader.java:46) ~[forge-1.21-51.0.33_mapped_parchment_2024.07.28-1.21-recomp.jar:?]
	at TRANSFORMER/minecraft@1.21/net.minecraft.data.Main.main(Main.java:101) ~[forge-1.21-51.0.33_mapped_parchment_2024.07.28-1.21-recomp.jar:?]
	at java.base/jdk.internal.reflect.DirectMethodHandleAccessor.invoke(DirectMethodHandleAccessor.java:103) ~[?:?]
	at java.base/java.lang.reflect.Method.invoke(Method.java:580) ~[?:?]
	at SECURE-BOOTSTRAP/net.minecraftforge.fmlloader@1.21-51.0.33/net.minecraftforge.fml.loading.targets.CommonLaunchHandler.runTarget(CommonLaunchHandler.java:91) ~[fmlloader-1.21-51.0.33.jar!/:?]
	at SECURE-BOOTSTRAP/net.minecraftforge.fmlloader@1.21-51.0.33/net.minecraftforge.fml.loading.targets.CommonLaunchHandler.lambda$makeService$0(CommonLaunchHandler.java:75) ~[fmlloader-1.21-51.0.33.jar!/:?]
	at SECURE-BOOTSTRAP/cpw.mods.modlauncher@10.2.1/cpw.mods.modlauncher.LaunchServiceHandler.launch(LaunchServiceHandler.java:77) [modlauncher-10.2.1.jar!/:?]
	at SECURE-BOOTSTRAP/cpw.mods.modlauncher@10.2.1/cpw.mods.modlauncher.LaunchServiceHandler.launch(LaunchServiceHandler.java:97) [modlauncher-10.2.1.jar!/:?]
	at SECURE-BOOTSTRAP/cpw.mods.modlauncher@10.2.1/cpw.mods.modlauncher.Launcher.run(Launcher.java:116) [modlauncher-10.2.1.jar!/:?]
	at SECURE-BOOTSTRAP/cpw.mods.modlauncher@10.2.1/cpw.mods.modlauncher.Launcher.main(Launcher.java:75) [modlauncher-10.2.1.jar!/:?]
	at SECURE-BOOTSTRAP/cpw.mods.modlauncher@10.2.1/cpw.mods.modlauncher.BootstrapEntry.main(BootstrapEntry.java:17) [modlauncher-10.2.1.jar!/:?]
	at net.minecraftforge.bootstrap@2.1.3/net.minecraftforge.bootstrap.Bootstrap.moduleMain(Bootstrap.java:188) [bootstrap-2.1.3.jar!/:?]
	at java.base/jdk.internal.reflect.DirectMethodHandleAccessor.invoke(DirectMethodHandleAccessor.java:103) ~[?:?]
	at java.base/java.lang.reflect.Method.invoke(Method.java:580) ~[?:?]
	at net.minecraftforge.bootstrap.Bootstrap.bootstrapMain(Bootstrap.java:133) [bootstrap-2.1.3.jar:2.1.3]
	at net.minecraftforge.bootstrap.Bootstrap.start(Bootstrap.java:53) [bootstrap-2.1.3.jar:2.1.3]
	at net.minecraftforge.bootstrap.ForgeBootstrap.main(ForgeBootstrap.java:19) [bootstrap-2.1.3.jar:2.1.3]
